This is pdfTeX, Version 3.1415926-2.5-1.40.14 (TeX Live 2013/Debian) (format=latex 2015.11.22)  2 DEC 2015 22:34
entering extended mode
 restricted \write18 enabled.
 %&-line parsing enabled.
**lstdrvrs.ins
(./lstdrvrs.ins
LaTeX2e <2011/06/27>
Babel <3.9h> and hyphenation patterns for 3 languages loaded.
(/usr/share/texlive/texmf-dist/tex/latex/base/docstrip.tex
\blockLevel=\count79
\emptyLines=\count80
\processedLines=\count81
\commentsRemoved=\count82
\commentsPassed=\count83
\codeLinesPassed=\count84
\TotalprocessedLines=\count85
\TotalcommentsRemoved=\count86
\TotalcommentsPassed=\count87
\TotalcodeLinesPassed=\count88
\NumberOfFiles=\count89
\inFile=\read1
\inputcheck=\read2
\off@0=\count90
\off@1=\count91
\off@2=\count92
\off@3=\count93
\off@4=\count94
\off@5=\count95
\off@6=\count96
\off@7=\count97
\off@8=\count98
\off@9=\count99
\off@10=\count100
\off@11=\count101
\off@12=\count102
\off@13=\count103
\off@14=\count104
\off@15=\count105
\@maxfiles=\count106
\@maxoutfiles=\count107

Utility: `docstrip' 2.5d <2005/07/29>
English documentation    <1999/03/31>

**********************************************************
* This program converts documented macro-files into fast *
* loadable files by stripping off (nearly) all comments! *
**********************************************************

********************************************************
* No Configuration file found, using default settings. *
********************************************************

) File ./lstlang1.sty already exists on the system.
Overwrite it? [y/n]
\answer=t

By default you will be asked this question for every file.
If you enter `y' now,
I will asssume `y' for all future questions
without prompting.
\noprompt=y
Not generating file ./lstlang1.sty


Generating file(s) ./lstlang2.sty ./lstlang3.sty 
\openout0 = `./lstlang2.sty'.

\openout1 = `./lstlang3.sty'.


Processing file lstdrvrs.dtx (lang2) -> lstlang2.sty
                             (lang3) -> lstlang3.sty
File lstdrvrs.dtx ended by \endinput.
Lines  processed: 7491
Comments removed: 2105
Comments  passed: 293
Codelines passed: 4882


Generating file(s) ./listings-acm.prf ./listings-bash.prf ./listings-fortran.pr
f ./listings-lua.prf ./listings-python.prf 
\openout0 = `./listings-acm.prf'.

\openout1 = `./listings-bash.prf'.

\openout2 = `./listings-fortran.prf'.

\openout3 = `./listings-lua.prf'.

\openout4 = `./listings-python.prf'.


Processing file lstdrvrs.dtx (acm-prf) -> listings-acm.prf
                             (bash-prf) -> listings-bash.prf
                             (fortran-prf) -> listings-fortran.prf
                             (lua-prf) -> listings-lua.prf
                             (python-prf) -> listings-python.prf
File lstdrvrs.dtx ended by \endinput.
Lines  processed: 7491
Comments removed: 2105
Comments  passed: 293
Codelines passed: 4882

*
* You probably need to move all created `.sty' and `.cfg'
* files into a directory searched by TeX.
*
* Run `lstdrvrs.dtx' through LaTeX2e to get the documentation.
*
Overall statistics:
Files  processed: 2
Lines  processed: 14982
Comments removed: 4210
Comments  passed: 586
Codelines passed: 9764
 ) 
Here is how much of TeX's memory you used:
 379 strings out of 494994
 4112 string characters out of 6180646
 53023 words of memory out of 5000000
 3677 multiletter control sequences out of 15000+600000
 3640 words of font info for 14 fonts, out of 8000000 for 9000
 34 hyphenation exceptions out of 8191
 11i,0n,15p,137b,177s stack positions out of 5000i,500n,10000p,200000b,80000s

No pages of output.
